<?xml version="1.0" encoding="UTF-8"?>
<!-- Generated by org.testng.reporters.JUnitReportReporter -->
<testsuite hostname="DESKTOP-ISPEK37" failures="0" tests="1" name="com.webapp.testCases.TC_LoginTest_001" time="9.407" errors="0" timestamp="2023-12-30T16:03:20 AST" skipped="0">
  <testcase classname="com.webapp.testCases.TC_LoginTest_001" name="LoginTest" time="9.407"/>
</testsuite> <!-- com.webapp.testCases.TC_LoginTest_001 -->
