<?xml version="1.0" encoding="UTF-8"?>
<!-- Generated by org.testng.reporters.JUnitReportReporter -->
<testsuite hostname="DESKTOP-ISPEK37" failures="0" tests="1" name="com.webapp.Utilities.Reporting" time="2.350" errors="0" timestamp="2024-01-02T19:06:13 AST" skipped="0">
  <testcase classname="com.webapp.Utilities.Reporting" name="extenttest" time="2.350"/>
</testsuite> <!-- com.webapp.Utilities.Reporting -->
